-------------------------------------------------------------------------------
Test set: com.library.management.librarymanagement.LibrarymanagementApplicationTests
-------------------------------------------------------------------------------
Tests run: 1, Failures: 0, Errors: 1, Skipped: 0, Time elapsed: 0.529 s <<< FAILURE! - in com.library.management.librarymanagement.LibrarymanagementApplicationTests
com.library.management.librarymanagement.LibrarymanagementApplicationTests  Time elapsed: 0.529 s  <<< ERROR!
java.lang.IllegalStateException: Unable to find a @SpringBootConfiguration, you need to use @ContextConfiguration or @SpringBootTest(classes=...) with your test

