<?xml version="1.0" encoding="UTF-8"?>
<testsuite xmlns:xsi="http://www.w3.org/2001/XMLSchema-instance" xsi:noNamespaceSchemaLocation="https://maven.apache.org/surefire/maven-surefire-plugin/xsd/surefire-test-report.xsd" name="com.library.management.librarymanagement.LibrarymanagementApplicationTests" time="0.529" tests="1" errors="1" skipped="0" failures="0">
  <properties>
[...]
</properties>
  <testcase name="com.library.management.librarymanagement.LibrarymanagementApplicationTests" classname="com.library.management.librarymanagement.LibrarymanagementApplicationTests" time="0.529">
    <error message="Unable to find a @SpringBootConfiguration, you need to use @ContextConfiguration or @SpringBootTest(classes=...) with your test" type="java.lang.IllegalStateException">java.lang.IllegalStateException: Unable to find a @SpringBootConfiguration, you need to use @ContextConfiguration or @SpringBootTest(classes=...) with your test
</error>
    <system-out><![CDATA[23:36:17.712 [main] DEBUG org.springframework.test.context.BootstrapUtils - Instantiating CacheAwareContextLoaderDelegate from class [org.springframework.test.context.cache.DefaultCacheAwareContextLoaderDelegate]
23:36:17.730 [main] DEBUG org.springframework.test.context.BootstrapUtils - Instantiating BootstrapContext using constructor [public org.springframework.test.context.support.DefaultBootstrapContext(java.lang.Class,org.springframework.test.context.CacheAwareContextLoaderDelegate)]
23:36:17.822 [main] DEBUG org.springframework.test.context.BootstrapUtils - Instantiating TestContextBootstrapper for test class [com.library.management.librarymanagement.LibrarymanagementApplicationTests] from class [org.springframework.boot.test.context.SpringBootTestContextBootstrapper]
23:36:17.846 [main] INFO org.springframework.boot.test.context.SpringBootTestContextBootstrapper - Neither @ContextConfiguration nor @ContextHierarchy found for test class [com.library.management.librarymanagement.LibrarymanagementApplicationTests], using SpringBootContextLoader
23:36:17.854 [main] DEBUG org.springframework.test.context.support.AbstractContextLoader - Did not detect default resource location for test class [com.library.management.librarymanagement.LibrarymanagementApplicationTests]: class path resource [com/library/management/librarymanagement/LibrarymanagementApplicationTests-context.xml] does not exist
23:36:17.854 [main] DEBUG org.springframework.test.context.support.AbstractContextLoader - Did not detect default resource location for test class [com.library.management.librarymanagement.LibrarymanagementApplicationTests]: class path resource [com/library/management/librarymanagement/LibrarymanagementApplicationTestsContext.groovy] does not exist
23:36:17.854 [main] INFO org.springframework.test.context.support.AbstractContextLoader - Could not detect default resource locations for test class [com.library.management.librarymanagement.LibrarymanagementApplicationTests]: no resource found for suffixes {-context.xml, Context.groovy}.
23:36:17.854 [main] INFO org.springframework.test.context.support.AnnotationConfigContextLoaderUtils - Could not detect default configuration classes for test class [com.library.management.librarymanagement.LibrarymanagementApplicationTests]: LibrarymanagementApplicationTests does not declare any static, non-private, non-final, nested classes annotated with @Configuration.
23:36:17.951 [main] DEBUG org.springframework.test.context.support.ActiveProfilesUtils - Could not find an 'annotation declaring class' for annotation type [org.springframework.test.context.ActiveProfiles] and class [com.library.management.librarymanagement.LibrarymanagementApplicationTests]
]]></system-out>
  </testcase>
</testsuite>